# JRE version: OpenJDK Runtime Environment (11.0.13) (build 11.0.13+0-b1751.21-8125866)
# Java VM: OpenJDK 64-Bit Server VM (11.0.13+0-b1751.21-8125866, mixed mode, tiered, compressed oops, g1 gc, windows-amd64)
Heap:
 garbage-first heap   total 258048K, used 215215K [0x0000000080000000, 0x0000000100000000)
  region size 1024K, 29 young (29696K), 5 survivors (5120K)
 Metaspace       used 118725K, capacity 122004K, committed 122112K, reserved 1155072K
  class space    used 14854K, capacity 16025K, committed 16128K, reserved 1048576K
GC Heap History (20 events):
Event: 21.384 GC heap before
{Heap before GC invocations=23 (full 0):
 garbage-first heap   total 258048K, used 216764K [0x0000000080000000, 0x0000000100000000)
  region size 1024K, 70 young (71680K), 9 survivors (9216K)
 Metaspace       used 107568K, capacity 110298K, committed 110464K, reserved 1144832K
  class space    used 13739K, capacity 14690K, committed 14720K, reserved 1048576K
}
Event: 21.400 GC heap after
{Heap after GC invocations=24 (full 0):
 garbage-first heap   total 258048K, used 163413K [0x0000000080000000, 0x0000000100000000)
  region size 1024K, 9 young (9216K), 9 survivors (9216K)
 Metaspace       used 107568K, capacity 110298K, committed 110464K, reserved 1144832K
  class space    used 13739K, capacity 14690K, committed 14720K, reserved 1048576K
}
Event: 21.755 GC heap before
{Heap before GC invocations=24 (full 0):
 garbage-first heap   total 258048K, used 214613K [0x0000000080000000, 0x0000000100000000)
  region size 1024K, 60 young (61440K), 9 survivors (9216K)
 Metaspace       used 107776K, capacity 110456K, committed 110720K, reserved 1144832K
  class space    used 13741K, capacity 14693K, committed 14720K, reserved 1048576K
}
Event: 21.762 GC heap after
{Heap after GC invocations=25 (full 0):
 garbage-first heap   total 258048K, used 166787K [0x0000000080000000, 0x0000000100000000)
  region size 1024K, 6 young (6144K), 6 survivors (6144K)
 Metaspace       used 107776K, capacity 110456K, committed 110720K, reserved 1144832K
  class space    used 13741K, capacity 14693K, committed 14720K, reserved 1048576K
}
Event: 22.415 GC heap before
{Heap before GC invocations=26 (full 0):
 garbage-first heap   total 258048K, used 214915K [0x0000000080000000, 0x0000000100000000)
  region size 1024K, 54 young (55296K), 6 survivors (6144K)
 Metaspace       used 108559K, capacity 111210K, committed 111360K, reserved 1146880K
  class space    used 13794K, capacity 14737K, committed 14848K, reserved 1048576K
}
Event: 22.423 GC heap after
{Heap after GC invocations=27 (full 0):
 garbage-first heap   total 258048K, used 170517K [0x0000000080000000, 0x0000000100000000)
  region size 1024K, 6 young (6144K), 6 survivors (6144K)
 Metaspace       used 108559K, capacity 111210K, committed 111360K, reserved 1146880K
  class space    used 13794K, capacity 14737K, committed 14848K, reserved 1048576K
}
Event: 22.852 GC heap before
{Heap before GC invocations=27 (full 0):
 garbage-first heap   total 258048K, used 216597K [0x0000000080000000, 0x0000000100000000)
  region size 1024K, 51 young (52224K), 6 survivors (6144K)
 Metaspace       used 109292K, capacity 112037K, committed 112128K, reserved 1146880K
  class space    used 13858K, capacity 14830K, committed 14848K, reserved 1048576K
}
Event: 22.862 GC heap after
{Heap after GC invocations=28 (full 0):
 garbage-first heap   total 258048K, used 173556K [0x0000000080000000, 0x0000000100000000)
  region size 1024K, 5 young (5120K), 5 survivors (5120K)
 Metaspace       used 109292K, capacity 112037K, committed 112128K, reserved 1146880K
  class space    used 13858K, capacity 14830K, committed 14848K, reserved 1048576K
}
Event: 23.356 GC heap before
{Heap before GC invocations=29 (full 0):
 garbage-first heap   total 258048K, used 216564K [0x0000000080000000, 0x0000000100000000)
  region size 1024K, 48 young (49152K), 5 survivors (5120K)
 Metaspace       used 109563K, capacity 112276K, committed 112512K, reserved 1146880K
  class space    used 13883K, capacity 14864K, committed 14976K, reserved 1048576K
}
Event: 23.363 GC heap after
{Heap after GC invocations=30 (full 0):
 garbage-first heap   total 258048K, used 176181K [0x0000000080000000, 0x0000000100000000)
  region size 1024K, 5 young (5120K), 5 survivors (5120K)
 Metaspace       used 109563K, capacity 112276K, committed 112512K, reserved 1146880K
  class space    used 13883K, capacity 14864K, committed 14976K, reserved 1048576K
}
Event: 23.916 GC heap before
{Heap before GC invocations=30 (full 0):
 garbage-first heap   total 258048K, used 218165K [0x0000000080000000, 0x0000000100000000)
  region size 1024K, 46 young (47104K), 5 survivors (5120K)
 Metaspace       used 110795K, capacity 113555K, committed 113664K, reserved 1148928K
  class space    used 14023K, capacity 15028K, committed 15104K, reserved 1048576K
}
Event: 23.924 GC heap after
{Heap after GC invocations=31 (full 0):
 garbage-first heap   total 258048K, used 179033K [0x0000000080000000, 0x0000000100000000)
  region size 1024K, 4 young (4096K), 4 survivors (4096K)
 Metaspace       used 110795K, capacity 113555K, committed 113664K, reserved 1148928K
  class space    used 14023K, capacity 15028K, committed 15104K, reserved 1048576K
}
Event: 24.329 GC heap before
{Heap before GC invocations=32 (full 0):
 garbage-first heap   total 258048K, used 218969K [0x0000000080000000, 0x0000000100000000)
  region size 1024K, 43 young (44032K), 4 survivors (4096K)
 Metaspace       used 112434K, capacity 115471K, committed 115712K, reserved 1148928K
  class space    used 14240K, capacity 15276K, committed 15360K, reserved 1048576K
}
Event: 24.335 GC heap after
{Heap after GC invocations=33 (full 0):
 garbage-first heap   total 258048K, used 179631K [0x0000000080000000, 0x0000000100000000)
  region size 1024K, 4 young (4096K), 4 survivors (4096K)
 Metaspace       used 112434K, capacity 115471K, committed 115712K, reserved 1148928K
  class space    used 14240K, capacity 15276K, committed 15360K, reserved 1048576K
}
Event: 69.631 GC heap before
{Heap before GC invocations=33 (full 0):
 garbage-first heap   total 258048K, used 220591K [0x0000000080000000, 0x0000000100000000)
  region size 1024K, 45 young (46080K), 4 survivors (4096K)
 Metaspace       used 116308K, capacity 119436K, committed 119680K, reserved 1153024K
  class space    used 14556K, capacity 15664K, committed 15744K, reserved 1048576K
}
Event: 69.673 GC heap after
{Heap after GC invocations=34 (full 0):
 garbage-first heap   total 258048K, used 182547K [0x0000000080000000, 0x0000000100000000)
  region size 1024K, 4 young (4096K), 4 survivors (4096K)
 Metaspace       used 116308K, capacity 119436K, committed 119680K, reserved 1153024K
  class space    used 14556K, capacity 15664K, committed 15744K, reserved 1048576K
}
Event: 70.744 GC heap before
{Heap before GC invocations=35 (full 0):
 garbage-first heap   total 258048K, used 220435K [0x0000000080000000, 0x0000000100000000)
  region size 1024K, 42 young (43008K), 4 survivors (4096K)
 Metaspace       used 117515K, capacity 120718K, committed 120832K, reserved 1155072K
  class space    used 14683K, capacity 15813K, committed 15872K, reserved 1048576K
}
Event: 70.756 GC heap after
{Heap after GC invocations=36 (full 0):
 garbage-first heap   total 258048K, used 187996K [0x0000000080000000, 0x0000000100000000)
  region size 1024K, 6 young (6144K), 6 survivors (6144K)
 Metaspace       used 117515K, capacity 120718K, committed 120832K, reserved 1155072K
  class space    used 14683K, capacity 15813K, committed 15872K, reserved 1048576K
}
Event: 72.149 GC heap before
{Heap before GC invocations=36 (full 0):
 garbage-first heap   total 258048K, used 219740K [0x0000000080000000, 0x0000000100000000)
  region size 1024K, 38 young (38912K), 6 survivors (6144K)
 Metaspace       used 118680K, capacity 121996K, committed 122112K, reserved 1155072K
  class space    used 14854K, capacity 16025K, committed 16128K, reserved 1048576K
}
Event: 72.172 GC heap after
{Heap after GC invocations=37 (full 0):
 garbage-first heap   total 258048K, used 192687K [0x0000000080000000, 0x0000000100000000)
  region size 1024K, 5 young (5120K), 5 survivors (5120K)
 Metaspace       used 118680K, capacity 121996K, committed 122112K, reserved 1155072K
  class space    used 14854K, capacity 16025K, committed 16128K, reserved 1048576K
}

