# JRE version: OpenJDK Runtime Environment (11.0.13) (build 11.0.13+0-b1751.21-8125866)
# Java VM: OpenJDK 64-Bit Server VM (11.0.13+0-b1751.21-8125866, mixed mode, tiered, compressed oops, g1 gc, windows-amd64)
Heap:
 garbage-first heap   total 258048K, used 136148K [0x0000000080000000, 0x0000000100000000)
  region size 1024K, 32 young (32768K), 7 survivors (7168K)
 Metaspace       used 82836K, capacity 85093K, committed 85324K, reserved 1122304K
  class space    used 10705K, capacity 11492K, committed 11596K, reserved 1048576K
GC Heap History (20 events):
Event: 9.250 GC heap before
{Heap before GC invocations=4 (full 0):
 garbage-first heap   total 258048K, used 137930K [0x0000000080000000, 0x0000000100000000)
  region size 1024K, 106 young (108544K), 2 survivors (2048K)
 Metaspace       used 32271K, capacity 33126K, committed 33408K, reserved 1077248K
  class space    used 4326K, capacity 4682K, committed 4736K, reserved 1048576K
}
Event: 9.257 GC heap after
{Heap after GC invocations=5 (full 0):
 garbage-first heap   total 258048K, used 39383K [0x0000000080000000, 0x0000000100000000)
  region size 1024K, 8 young (8192K), 8 survivors (8192K)
 Metaspace       used 32271K, capacity 33126K, committed 33408K, reserved 1077248K
  class space    used 4326K, capacity 4682K, committed 4736K, reserved 1048576K
}
Event: 9.614 GC heap before
{Heap before GC invocations=5 (full 0):
 garbage-first heap   total 258048K, used 51671K [0x0000000080000000, 0x0000000100000000)
  region size 1024K, 21 young (21504K), 8 survivors (8192K)
 Metaspace       used 34867K, capacity 35756K, committed 35840K, reserved 1081344K
  class space    used 4610K, capacity 4961K, committed 4992K, reserved 1048576K
}
Event: 9.622 GC heap after
{Heap after GC invocations=6 (full 0):
 garbage-first heap   total 258048K, used 41023K [0x0000000080000000, 0x0000000100000000)
  region size 1024K, 10 young (10240K), 10 survivors (10240K)
 Metaspace       used 34867K, capacity 35756K, committed 35840K, reserved 1081344K
  class space    used 4610K, capacity 4961K, committed 4992K, reserved 1048576K
}
Event: 11.345 GC heap before
{Heap before GC invocations=7 (full 0):
 garbage-first heap   total 258048K, used 139327K [0x0000000080000000, 0x0000000100000000)
  region size 1024K, 103 young (105472K), 10 survivors (10240K)
 Metaspace       used 44929K, capacity 46145K, committed 46412K, reserved 1089536K
  class space    used 5774K, capacity 6205K, committed 6220K, reserved 1048576K
}
Event: 11.364 GC heap after
{Heap after GC invocations=8 (full 0):
 garbage-first heap   total 258048K, used 47749K [0x0000000080000000, 0x0000000100000000)
  region size 1024K, 9 young (9216K), 9 survivors (9216K)
 Metaspace       used 44929K, capacity 46145K, committed 46412K, reserved 1089536K
  class space    used 5774K, capacity 6205K, committed 6220K, reserved 1048576K
}
Event: 12.693 GC heap before
{Heap before GC invocations=8 (full 0):
 garbage-first heap   total 258048K, used 152197K [0x0000000080000000, 0x0000000100000000)
  region size 1024K, 107 young (109568K), 9 survivors (9216K)
 Metaspace       used 49255K, capacity 50484K, committed 50636K, reserved 1093632K
  class space    used 6316K, capacity 6793K, committed 6860K, reserved 1048576K
}
Event: 12.703 GC heap after
{Heap after GC invocations=9 (full 0):
 garbage-first heap   total 258048K, used 56917K [0x0000000080000000, 0x0000000100000000)
  region size 1024K, 11 young (11264K), 11 survivors (11264K)
 Metaspace       used 49255K, capacity 50484K, committed 50636K, reserved 1093632K
  class space    used 6316K, capacity 6793K, committed 6860K, reserved 1048576K
}
Event: 13.778 GC heap before
{Heap before GC invocations=9 (full 0):
 garbage-first heap   total 258048K, used 173653K [0x0000000080000000, 0x0000000100000000)
  region size 1024K, 113 young (115712K), 11 survivors (11264K)
 Metaspace       used 50360K, capacity 51775K, committed 52044K, reserved 1093632K
  class space    used 6436K, capacity 6960K, committed 6988K, reserved 1048576K
}
Event: 13.792 GC heap after
{Heap after GC invocations=10 (full 0):
 garbage-first heap   total 258048K, used 74339K [0x0000000080000000, 0x0000000100000000)
  region size 1024K, 10 young (10240K), 10 survivors (10240K)
 Metaspace       used 50360K, capacity 51775K, committed 52044K, reserved 1093632K
  class space    used 6436K, capacity 6960K, committed 6988K, reserved 1048576K
}
Event: 15.592 GC heap before
{Heap before GC invocations=10 (full 0):
 garbage-first heap   total 258048K, used 175715K [0x0000000080000000, 0x0000000100000000)
  region size 1024K, 109 young (111616K), 10 survivors (10240K)
 Metaspace       used 56772K, capacity 58524K, committed 58700K, reserved 1099776K
  class space    used 7276K, capacity 7884K, committed 8012K, reserved 1048576K
}
Event: 15.603 GC heap after
{Heap after GC invocations=11 (full 0):
 garbage-first heap   total 258048K, used 80053K [0x0000000080000000, 0x0000000100000000)
  region size 1024K, 11 young (11264K), 11 survivors (11264K)
 Metaspace       used 56772K, capacity 58524K, committed 58700K, reserved 1099776K
  class space    used 7276K, capacity 7884K, committed 8012K, reserved 1048576K
}
Event: 17.132 GC heap before
{Heap before GC invocations=11 (full 0):
 garbage-first heap   total 258048K, used 126133K [0x0000000080000000, 0x0000000100000000)
  region size 1024K, 55 young (56320K), 11 survivors (11264K)
 Metaspace       used 58103K, capacity 59982K, committed 60236K, reserved 1101824K
  class space    used 7398K, capacity 8000K, committed 8012K, reserved 1048576K
}
Event: 17.148 GC heap after
{Heap after GC invocations=12 (full 0):
 garbage-first heap   total 258048K, used 89491K [0x0000000080000000, 0x0000000100000000)
  region size 1024K, 14 young (14336K), 14 survivors (14336K)
 Metaspace       used 58103K, capacity 59982K, committed 60236K, reserved 1101824K
  class space    used 7398K, capacity 8000K, committed 8012K, reserved 1048576K
}
Event: 19.393 GC heap before
{Heap before GC invocations=13 (full 0):
 garbage-first heap   total 258048K, used 180434K [0x0000000080000000, 0x0000000100000000)
  region size 1024K, 101 young (103424K), 14 survivors (14336K)
 Metaspace       used 69979K, capacity 72018K, committed 72268K, reserved 1112064K
  class space    used 8836K, capacity 9516K, committed 9548K, reserved 1048576K
}
Event: 19.407 GC heap after
{Heap after GC invocations=14 (full 0):
 garbage-first heap   total 258048K, used 98214K [0x0000000080000000, 0x0000000100000000)
  region size 1024K, 8 young (8192K), 8 survivors (8192K)
 Metaspace       used 69979K, capacity 72018K, committed 72268K, reserved 1112064K
  class space    used 8836K, capacity 9516K, committed 9548K, reserved 1048576K
}
Event: 20.648 GC heap before
{Heap before GC invocations=14 (full 0):
 garbage-first heap   total 258048K, used 194470K [0x0000000080000000, 0x0000000100000000)
  region size 1024K, 94 young (96256K), 8 survivors (8192K)
 Metaspace       used 74416K, capacity 76554K, committed 76748K, reserved 1116160K
  class space    used 9428K, capacity 10119K, committed 10188K, reserved 1048576K
}
Event: 20.661 GC heap after
{Heap after GC invocations=15 (full 0):
 garbage-first heap   total 258048K, used 104662K [0x0000000080000000, 0x0000000100000000)
  region size 1024K, 7 young (7168K), 7 survivors (7168K)
 Metaspace       used 74416K, capacity 76554K, committed 76748K, reserved 1116160K
  class space    used 9428K, capacity 10119K, committed 10188K, reserved 1048576K
}
Event: 22.252 GC heap before
{Heap before GC invocations=15 (full 0):
 garbage-first heap   total 258048K, used 192726K [0x0000000080000000, 0x0000000100000000)
  region size 1024K, 93 young (95232K), 7 survivors (7168K)
 Metaspace       used 80972K, capacity 83204K, committed 83404K, reserved 1122304K
  class space    used 10418K, capacity 11192K, committed 11212K, reserved 1048576K
}
Event: 22.269 GC heap after
{Heap after GC invocations=16 (full 0):
 garbage-first heap   total 258048K, used 111572K [0x0000000080000000, 0x0000000100000000)
  region size 1024K, 7 young (7168K), 7 survivors (7168K)
 Metaspace       used 80972K, capacity 83204K, committed 83404K, reserved 1122304K
  class space    used 10418K, capacity 11192K, committed 11212K, reserved 1048576K
}

